1.0->1.1(2015.2.25)
com.xnx3.Lang 增加subString() 字符串截取函数
com.xnx3.microsoft.Com()初始化创建DM对象时路径调整，自动将dll释放到C盘根目录，避免注册dm.dll失败
com.xnx3.file.FileUtil.inputStreamToFile() 注释修整
com.xnx3.microsoft.SystemUtil.registerDll()注释修整
com.xnx3.Lang添加版本号，开发者在创建com.xnx3.microsoft.Com()时在控制台会自动检测提示是否有最新版本；同时增加常量注释

1.1->1.2(2015.3.3)
com.xnx3.microsoft.Com()注释修改
com.xnx3.microsoft.Com.SetDict() 点阵字库添加函数修整
com.xnx3.microsoft.Window.getWindowRect()获取窗口在屏幕上的位置函数添加
*com.xnx3.microsoft.File()删除空的构造方法，要创建File对象必须传入Com.getActiveXComponent()
com.xnx3.microsoft.SystemUtil.enumProcess() 添加，枚举系统当前运行的进程列表，效果同任务管理器
com.xnx3.microsoft.SystemUtil.getProcessPriority()添加，得到进程优先级
com.xnx3.microsoft.SystemUtil.setProcessPriority()添加，设置进程优先级
com.xnx3.microsoft.SystemUtil.addTray()添加，将某个窗口装载到托盘,创建托盘
com.xnx3.microsoft.SystemUtil.showTipTray()添加，弹出托盘气泡
com.xnx3.microsoft.SystemUtil.delTray()添加，卸载已装载的托盘
com.xnx3.microsoft.File.play(String,int) 废弃,依旧保留此函数
com.xnx3.File.FileUtil.getFileSize()添加，通过网址获得文件长度
com.xnx3.File.FileUtil.SystemUtil.downFile() 添加，从互联网下载文件
com.xnx3.microsoft.Tts()添加，TTS语音转换，将文本转换为声音读出

1.2->1.3(2015.3.10)
com.xnx3.microsoft.Com() 自动注册dll函数更改。取消掉弹出框提示！避免有的电脑注册dll无权限时，多次调用Com会造成多次弹框的问题，去除当前版本的控制台打印提示，只有发现最新版本时才会在控制台提示。添加dll文件的完整性验证
com.xnx3.microsoft.SystemUtil.createTray() 添加，创建程序本身托盘、托盘提示
com.xnx3.Lang.subString()修改

1.3->1.4(2015.3.17)
com.xnx3.UI()添加界面操作相关的UI类，同时将Lang里面相关的函数迁移至UI类。增加Substance第三方外观包一键调用（Swing）、鼠标跟随信息提示
com.xnx3.microsoft.SystemUtil.createTray()迁移至com.xnx3.UI,同时修补打包出去后因托盘而导致启动失败的问题
com.xnx3.microsoft.Tts()修复打包出去后，若是系统是GBK编码会导致不发音的问题（项目编码须使用UTF-8）
com.xnx3.microsoft.Com()只对第一次创建时检测Dll及部署。避免以后因部署失败造成持续弹框提示
com.melloware.jintellitype windows热键操作包加入，dll会在第一次创建时自动部署。使用的是1.3.9版本。其官方网站：http://www.melloware.com

1.4->2.0(2015.6.2)
com.xnx3.Lang.subString() 修复找不到字符出现异常
com.xnx3.Lang.findSuffix() 增加，获取文件后缀
org.csource_ 包增加，FastDFS支持
com.xnx3.Lang.Utf8ToInt() 增加，字符转UTF8的16进制编码
com.xnx3.Lang.Utf8ToString() 增加，字符串转UTF8编码
com.xnx3.Lang.getStringLanguage() 增加，获取指定的文字编码是哪国什么语言
com.xnx3.net.SFTPUtil 类增加，操作Linux的SFTP。需导入jsch-0.1.53.jar
com.xnx3.UI.hiddenMessageForMouse() 修复
com.xnx3.Lang.fileSizeToInfo() 增加，传入字节数剧，返回大小的描述信息，小数点后保留两位。
com.xnx3.net.SSHUtil 类增加，远程Linux服务器SSH链接控制
com.xnx3.media.TTSUtil	类增加，将指定的文字发音播放。跨平台，无需之前的限制Windows。需导入 jl1.0.1.jar
com.xnx3.media.MP3Play	类增加，播放制定的mp3文件。跨平台，无需之前的限制Windows。需导入 jl1.0.1.jar
com.xnx3.DateUtil	类增加，常用时间操作
com.xnx3.net.FastDFSUtil 类增加，FastDFS常用操作。配置文件xnx3Config.xml，需放于src下
com.xnx3.net.MailUtil 类修复
com.xnx3.ConfigManagerUtil 类增加，xml配置文件读取
com.xnx3.SendPhoneMsgUtil 类增加，发送短信
增加xnx3Config.xml全局配置文件。使用时放入项目的src下

1.4->2.1(2016.4.8)
com.xnx3.robot 包增加，用原生Java进行模拟鼠标点击、键盘按键、找图找色等功能
